<?xml version="1.0" encoding="utf-8"?><testsuites name="pytest tests"><testsuite name="pytest" errors="0" failures="0" skipped="0" tests="24" time="4.056" timestamp="2026-05-24T18:42:27.464346+00:00" hostname="agent-env-ba62b359-c15e-409f-a6b4-961795a870eb"><testcase classname="backend.tests.test_tripzen_api.TestAuth" name="test_health" time="0.190" /><testcase classname="backend.tests.test_tripzen_api.TestAuth" name="test_login_admin" time="0.271" /><testcase classname="backend.tests.test_tripzen_api.TestAuth" name="test_login_driver" time="0.267" /><testcase classname="backend.tests.test_tripzen_api.TestAuth" name="test_login_parent" time="0.309" /><testcase classname="backend.tests.test_tripzen_api.TestAuth" name="test_login_invalid" time="0.050" /><testcase classname="backend.tests.test_tripzen_api.TestAuth" name="test_me_endpoint" time="0.317" /><testcase classname="backend.tests.test_tripzen_api.TestAuth" name="test_me_unauthorized" time="0.045" /><testcase classname="backend.tests.test_tripzen_api.TestAuth" name="test_register_new_user" time="0.272" /><testcase classname="backend.tests.test_tripzen_api.TestAuth" name="test_register_duplicate" time="0.046" /><testcase classname="backend.tests.test_tripzen_api.TestRBAC" name="test_admin_stats_admin" time="0.321" /><testcase classname="backend.tests.test_tripzen_api.TestRBAC" name="test_admin_stats_forbidden_for_parent" time="0.045" /><testcase classname="backend.tests.test_tripzen_api.TestRBAC" name="test_admin_stats_forbidden_for_driver" time="0.316" /><testcase classname="backend.tests.test_tripzen_api.TestRBAC" name="test_admin_alerts" time="0.047" /><testcase classname="backend.tests.test_tripzen_api.TestRBAC" name="test_admin_alerts_forbidden" time="0.046" /><testcase classname="backend.tests.test_tripzen_api.TestStudents" name="test_parent_sees_own_students" time="0.047" /><testcase classname="backend.tests.test_tripzen_api.TestStudents" name="test_admin_sees_all_students" time="0.047" /><testcase classname="backend.tests.test_tripzen_api.TestRoutes" name="test_admin_sees_all_routes" time="0.047" /><testcase classname="backend.tests.test_tripzen_api.TestRoutes" name="test_driver_sees_assigned_routes" time="0.046" /><testcase classname="backend.tests.test_tripzen_api.TestTripsFlow" name="test_full_trip_flow" time="0.546" /><testcase classname="backend.tests.test_tripzen_api.TestTripsFlow" name="test_scan_invalid_qr" time="0.217" /><testcase classname="backend.tests.test_tripzen_api.TestTripsFlow" name="test_start_trip_forbidden_for_parent" time="0.047" /><testcase classname="backend.tests.test_tripzen_api.TestBookings" name="test_create_and_pay_booking" time="0.245" /><testcase classname="backend.tests.test_tripzen_api.TestBookings" name="test_booking_forbidden_for_driver" time="0.045" /><testcase classname="backend.tests.test_tripzen_api.TestNotifications" name="test_notifications_for_parent" time="0.046" /></testsuite></testsuites>