<?xml version="1.0" encoding="utf-8"?><testsuites name="pytest tests"><testsuite name="pytest" errors="0" failures="0" skipped="0" tests="41" time="7.543" timestamp="2026-05-24T19:07:18.552540+00:00" hostname="agent-env-ba62b359-c15e-409f-a6b4-961795a870eb"><testcase classname="backend.tests.test_admin_crud.TestRoutesAdminCRUD" name="test_admin_update_route" time="0.688" /><testcase classname="backend.tests.test_admin_crud.TestRoutesAdminCRUD" name="test_admin_delete_route_nulls_student_route" time="0.304" /><testcase classname="backend.tests.test_admin_crud.TestRoutesAdminCRUD" name="test_route_put_forbidden_for_parent" time="0.320" /><testcase classname="backend.tests.test_admin_crud.TestRoutesAdminCRUD" name="test_route_delete_forbidden_for_parent" time="0.057" /><testcase classname="backend.tests.test_admin_crud.TestStudentsCRUD" name="test_admin_update_student_changes_counts" time="0.503" /><testcase classname="backend.tests.test_admin_crud.TestStudentsCRUD" name="test_admin_delete_student_decrements_count" time="0.248" /><testcase classname="backend.tests.test_admin_crud.TestStudentsCRUD" name="test_parent_can_update_own_student" time="0.098" /><testcase classname="backend.tests.test_admin_crud.TestAdminUsers" name="test_admin_list_users" time="0.050" /><testcase classname="backend.tests.test_admin_crud.TestAdminUsers" name="test_admin_users_forbidden_for_parent" time="0.049" /><testcase classname="backend.tests.test_admin_crud.TestAdminUsers" name="test_admin_create_user" time="0.599" /><testcase classname="backend.tests.test_admin_crud.TestAdminUsers" name="test_admin_create_duplicate_email" time="0.054" /><testcase classname="backend.tests.test_admin_crud.TestAdminUsers" name="test_admin_cannot_delete_self" time="0.097" /><testcase classname="backend.tests.test_admin_crud.TestAdminUsers" name="test_admin_delete_user_404" time="0.051" /><testcase classname="backend.tests.test_admin_crud.TestAdminUsers" name="test_admin_users_create_forbidden_for_parent" time="0.051" /><testcase classname="backend.tests.test_admin_crud.TestAdminRevenue" name="test_admin_revenue_summary" time="0.053" /><testcase classname="backend.tests.test_admin_crud.TestAdminRevenue" name="test_admin_revenue_forbidden_for_parent" time="0.049" /><testcase classname="backend.tests.test_admin_crud.TestAdminRevenue" name="test_admin_revenue_forbidden_for_driver" time="0.321" /><testcase classname="backend.tests.test_tripzen_api.TestAuth" name="test_health" time="0.109" /><testcase classname="backend.tests.test_tripzen_api.TestAuth" name="test_login_admin" time="0.273" /><testcase classname="backend.tests.test_tripzen_api.TestAuth" name="test_login_driver" time="0.273" /><testcase classname="backend.tests.test_tripzen_api.TestAuth" name="test_login_parent" time="0.271" /><testcase classname="backend.tests.test_tripzen_api.TestAuth" name="test_login_invalid" time="0.053" /><testcase classname="backend.tests.test_tripzen_api.TestAuth" name="test_me_endpoint" time="0.324" /><testcase classname="backend.tests.test_tripzen_api.TestAuth" name="test_me_unauthorized" time="0.051" /><testcase classname="backend.tests.test_tripzen_api.TestAuth" name="test_register_new_user" time="0.278" /><testcase classname="backend.tests.test_tripzen_api.TestAuth" name="test_register_duplicate" time="0.049" /><testcase classname="backend.tests.test_tripzen_api.TestRBAC" name="test_admin_stats_admin" time="0.323" /><testcase classname="backend.tests.test_tripzen_api.TestRBAC" name="test_admin_stats_forbidden_for_parent" time="0.049" /><testcase classname="backend.tests.test_tripzen_api.TestRBAC" name="test_admin_stats_forbidden_for_driver" time="0.322" /><testcase classname="backend.tests.test_tripzen_api.TestRBAC" name="test_admin_alerts" time="0.049" /><testcase classname="backend.tests.test_tripzen_api.TestRBAC" name="test_admin_alerts_forbidden" time="0.049" /><testcase classname="backend.tests.test_tripzen_api.TestStudents" name="test_parent_sees_own_students" time="0.053" /><testcase classname="backend.tests.test_tripzen_api.TestStudents" name="test_admin_sees_all_students" time="0.051" /><testcase classname="backend.tests.test_tripzen_api.TestRoutes" name="test_admin_sees_all_routes" time="0.049" /><testcase classname="backend.tests.test_tripzen_api.TestRoutes" name="test_driver_sees_assigned_routes" time="0.047" /><testcase classname="backend.tests.test_tripzen_api.TestTripsFlow" name="test_full_trip_flow" time="0.576" /><testcase classname="backend.tests.test_tripzen_api.TestTripsFlow" name="test_scan_invalid_qr" time="0.204" /><testcase classname="backend.tests.test_tripzen_api.TestTripsFlow" name="test_start_trip_forbidden_for_parent" time="0.049" /><testcase classname="backend.tests.test_tripzen_api.TestBookings" name="test_create_and_pay_booking" time="0.250" /><testcase classname="backend.tests.test_tripzen_api.TestBookings" name="test_booking_forbidden_for_driver" time="0.049" /><testcase classname="backend.tests.test_tripzen_api.TestNotifications" name="test_notifications_for_parent" time="0.048" /></testsuite></testsuites>